<?xml version="1.0" encoding="UTF-8"?>
<testng-results ignored="0" total="1" passed="1" failed="0" skipped="0">
  <reporter-output>
  </reporter-output>
  <suite started-at="2022-01-23T06:26:09Z" name="Default Suite" finished-at="2022-01-23T06:26:24Z" duration-ms="14999">
    <groups>
    </groups>
    <test started-at="2022-01-23T06:26:09Z" name="SeleniumJavaFreamwork" finished-at="2022-01-23T06:26:24Z" duration-ms="14999">
      <class name="TestngDemo">
        <test-method is-config="true" signature="setUpTest()[pri:0, instance:TestngDemo@77a57272]" started-at="2022-01-23T06:26:09Z" name="setUpTest" finished-at="2022-01-23T06:26:15Z" duration-ms="6231" status="PASS">
          <reporter-output>
          </reporter-output>
        </test-method> <!-- setUpTest -->
        <test-method signature="googleSearch()[pri:0, instance:TestngDemo@77a57272]" started-at="2022-01-23T06:26:15Z" name="googleSearch" finished-at="2022-01-23T06:26:19Z" duration-ms="4339" status="PASS">
          <reporter-output>
          </reporter-output>
        </test-method> <!-- googleSearch -->
        <test-method is-config="true" signature="tearDownTest()[pri:0, instance:TestngDemo@77a57272]" started-at="2022-01-23T06:26:19Z" name="tearDownTest" finished-at="2022-01-23T06:26:24Z" duration-ms="4397" status="PASS">
          <reporter-output>
          </reporter-output>
        </test-method> <!-- tearDownTest -->
      </class> <!-- TestngDemo -->
    </test> <!-- SeleniumJavaFreamwork -->
  </suite> <!-- Default Suite -->
</testng-results>
